2019-05-03 09:56:04,032 [Worker-6: Loading available Gradle versions] INFO  o.e.b.c.i.u.g.PublishedGradleVersions - Gradle version information cache is out-of-date. Trying to update.
2019-05-03 09:56:50,500 [Worker-3: Creating project "spring-security"] INFO  o.e.m.c.i.l.LifecycleMappingFactory - Using NULL lifecycle mapping for MavenProject: org.thecodeschool.security:spring-security:1.0.0-SNAPSHOT @ D:\projects\spring-security\spring-security\pom.xml.
2019-05-03 09:57:12,113 [Worker-3: Creating project "spring-security-core"] INFO  o.e.m.c.i.e.AbstractTransferListenerAdapter - Downloaded https://repo.maven.apache.org/maven2/org/apache/maven/plugins/maven-jar-plugin/2.4/maven-jar-plugin-2.4.jar
2019-05-03 09:57:13,675 [Worker-3: Creating project "spring-security-core"] INFO  o.e.m.c.i.l.LifecycleMappingFactory - Using org.eclipse.m2e.jdt.JarLifecycleMapping lifecycle mapping for MavenProject: org.thecodeschool.security:spring-security-core:1.0.0-SNAPSHOT @ D:\projects\spring-security\spring-security-core\pom.xml.
2019-05-03 09:57:13,760 [Worker-3: Creating project "spring-security-core"] INFO  o.e.m.c.i.e.AbstractTransferListenerAdapter - Downloaded https://repo.maven.apache.org/maven2/org/apache/maven/plugins/maven-jar-plugin/2.4/maven-jar-plugin-2.4.pom
2019-05-03 09:57:33,978 [Worker-3: Updating Maven Project] INFO  o.e.m.c.i.p.ProjectConfigurationManager - Update started
2019-05-03 09:57:34,062 [Worker-3: Updating Maven Project] INFO  o.e.m.c.i.l.LifecycleMappingFactory - Using NULL lifecycle mapping for MavenProject: org.thecodeschool.security:spring-security:1.0.0-SNAPSHOT @ D:\projects\spring-security\spring-security\pom.xml.
2019-05-03 09:57:35,562 [Worker-3: Updating Maven Project] INFO  o.e.m.c.i.l.LifecycleMappingFactory - Using org.eclipse.m2e.jdt.JarLifecycleMapping lifecycle mapping for MavenProject: org.thecodeschool.security:spring-security-core:1.0.0-SNAPSHOT @ D:\projects\spring-security\spring-security-core\pom.xml.
2019-05-03 09:57:35,736 [Worker-3: Updating Maven Project] INFO  o.e.m.c.i.p.ProjectConfigurationManager - Update completed: 1 sec
2019-05-03 09:59:32,345 [Worker-6: Building workspace] INFO  o.e.m.c.i.l.LifecycleMappingFactory - Using org.eclipse.m2e.jdt.JarLifecycleMapping lifecycle mapping for MavenProject: org.thecodeschool.security:spring-security-core:1.0.0-SNAPSHOT @ D:\projects\spring-security\spring-security-core\pom.xml.
2019-05-03 09:59:55,615 [Worker-6: Building workspace] INFO  o.e.m.c.i.l.LifecycleMappingFactory - Using org.eclipse.m2e.jdt.JarLifecycleMapping lifecycle mapping for MavenProject: org.thecodeschool.security:spring-security-core:1.0.0-SNAPSHOT @ D:\projects\spring-security\spring-security-core\pom.xml.
2019-05-03 10:00:38,309 [Worker-6: Building workspace] INFO  o.e.m.c.i.l.LifecycleMappingFactory - Using org.eclipse.m2e.jdt.JarLifecycleMapping lifecycle mapping for MavenProject: org.thecodeschool.security:spring-security-core:1.0.0-SNAPSHOT @ D:\projects\spring-security\spring-security-core\pom.xml.
2019-05-03 10:00:51,874 [Worker-13: Updating Maven Project] INFO  o.e.m.c.i.p.ProjectConfigurationManager - Update started
2019-05-03 10:00:52,041 [Worker-13: Updating Maven Project] INFO  o.e.m.c.i.e.AbstractTransferListenerAdapter - Downloaded https://repo.maven.apache.org/maven2/org/apache/maven/plugins/maven-jar-plugin/2.4/maven-jar-plugin-2.4.jar
2019-05-03 10:00:53,163 [Worker-13: Updating Maven Project] INFO  o.e.m.c.i.l.LifecycleMappingFactory - Using org.eclipse.m2e.jdt.JarLifecycleMapping lifecycle mapping for MavenProject: org.thecodeschool.security:spring-security-core:1.0.0-SNAPSHOT @ D:\projects\spring-security\spring-security-core\pom.xml.
2019-05-03 10:00:53,210 [Worker-13: Updating Maven Project] INFO  o.e.m.c.i.e.AbstractTransferListenerAdapter - Downloaded https://repo.maven.apache.org/maven2/org/apache/maven/plugins/maven-jar-plugin/2.4/maven-jar-plugin-2.4.pom
2019-05-03 10:00:53,211 [Worker-13: Updating Maven Project] INFO  o.e.m.c.i.p.ProjectConfigurationManager - Update completed: 1 sec
2019-05-03 10:02:14,796 [Worker-14: Updating Maven Project] INFO  o.e.m.c.i.p.ProjectConfigurationManager - Update started
2019-05-03 10:02:15,415 [Worker-14: Updating Maven Project] INFO  o.e.m.c.i.e.AbstractTransferListenerAdapter - Downloading https://repo.maven.apache.org/maven2/org/apache/maven/plugins/maven-jar-plugin/2.4/maven-jar-plugin-2.4.jar
2019-05-03 10:02:15,586 [Worker-14: Updating Maven Project] INFO  o.e.m.c.i.e.AbstractTransferListenerAdapter - Downloaded https://repo.maven.apache.org/maven2/org/apache/maven/plugins/maven-jar-plugin/2.4/maven-jar-plugin-2.4.jar
2019-05-03 10:02:17,359 [Worker-14: Updating Maven Project] INFO  o.e.m.c.i.l.LifecycleMappingFactory - Using org.eclipse.m2e.jdt.JarLifecycleMapping lifecycle mapping for MavenProject: org.thecodeschool.security:spring-security-core:1.0.0-SNAPSHOT @ D:\projects\spring-security\spring-security-core\pom.xml.
2019-05-03 10:02:17,490 [Worker-14: Updating Maven Project] INFO  o.e.m.c.i.e.AbstractTransferListenerAdapter - Downloading https://repo.maven.apache.org/maven2/org/apache/maven/plugins/maven-jar-plugin/2.4/maven-jar-plugin-2.4.pom
2019-05-03 10:02:17,540 [Worker-14: Updating Maven Project] INFO  o.e.m.c.i.e.AbstractTransferListenerAdapter - Downloaded https://repo.maven.apache.org/maven2/org/apache/maven/plugins/maven-jar-plugin/2.4/maven-jar-plugin-2.4.pom
2019-05-03 10:02:18,220 [Worker-14: Updating Maven Project] INFO  o.e.m.j.i.AbstractJavaProjectConfigurator - Adding source folder /spring-security-core/src/main/java
2019-05-03 10:02:18,222 [Worker-14: Updating Maven Project] INFO  o.e.m.j.i.AbstractJavaProjectConfigurator - Adding resource folder /spring-security-core/src/main/resources
2019-05-03 10:02:18,224 [Worker-14: Updating Maven Project] INFO  o.e.m.j.i.AbstractJavaProjectConfigurator - Adding source folder /spring-security-core/src/test/java
2019-05-03 10:02:18,224 [Worker-14: Updating Maven Project] INFO  o.e.m.j.i.AbstractJavaProjectConfigurator - Adding resource folder /spring-security-core/src/test/resources
2019-05-03 10:02:19,625 [Worker-14: Updating Maven Project] INFO  o.e.m.c.i.p.ProjectConfigurationManager - Update completed: 4 sec
2019-05-03 10:02:20,187 [Worker-13: Building workspace] WARN  o.e.m.c.i.embedder.EclipseLogger - Using platform encoding (Cp1252 actually) to copy filtered resources, i.e. build is platform dependent!
2019-05-03 10:02:20,197 [Worker-13: Building workspace] INFO  o.e.m.c.i.embedder.EclipseLogger - Copying 0 resource
2019-05-03 10:02:20,200 [Worker-13: Building workspace] WARN  o.e.m.c.i.embedder.EclipseLogger - Using platform encoding (Cp1252 actually) to copy filtered resources, i.e. build is platform dependent!
2019-05-03 10:02:20,202 [Worker-13: Building workspace] INFO  o.e.m.c.i.embedder.EclipseLogger - Copying 0 resource
2019-05-03 10:02:20,893 [Worker-13: Building workspace] INFO  o.e.m.c.i.e.AbstractTransferListenerAdapter - Downloading https://repo.maven.apache.org/maven2/commons-lang/commons-lang/2.1/commons-lang-2.1.pom
2019-05-03 10:02:20,980 [Worker-13: Building workspace] INFO  o.e.m.c.i.e.AbstractTransferListenerAdapter - Downloaded https://repo.maven.apache.org/maven2/commons-lang/commons-lang/2.1/commons-lang-2.1.pom
2019-05-03 10:02:21,249 [Worker-13: Building workspace] INFO  o.e.m.c.i.e.AbstractTransferListenerAdapter - Downloading https://repo.maven.apache.org/maven2/commons-lang/commons-lang/2.1/commons-lang-2.1.jar
2019-05-03 10:02:21,459 [Worker-13: Building workspace] INFO  o.e.m.c.i.e.AbstractTransferListenerAdapter - Downloaded https://repo.maven.apache.org/maven2/commons-lang/commons-lang/2.1/commons-lang-2.1.jar
2019-05-03 10:05:17,573 [Worker-15: Creating project "spring-security-browser"] INFO  o.e.m.c.i.l.LifecycleMappingFactory - Using org.eclipse.m2e.jdt.JarLifecycleMapping lifecycle mapping for MavenProject: org.thecodeschool.security:spring-security-browser:1.0.0-SNAPSHOT @ D:\projects\spring-security\spring-security-browser\pom.xml.
2019-05-03 10:05:17,658 [Worker-15: Creating project "spring-security-browser"] INFO  o.e.m.j.i.AbstractJavaProjectConfigurator - Adding source folder /spring-security-browser/src/main/java
2019-05-03 10:05:17,658 [Worker-15: Creating project "spring-security-browser"] INFO  o.e.m.j.i.AbstractJavaProjectConfigurator - Adding resource folder /spring-security-browser/src/main/resources
2019-05-03 10:05:17,659 [Worker-15: Creating project "spring-security-browser"] INFO  o.e.m.j.i.AbstractJavaProjectConfigurator - Adding source folder /spring-security-browser/src/test/java
2019-05-03 10:05:17,659 [Worker-15: Creating project "spring-security-browser"] INFO  o.e.m.j.i.AbstractJavaProjectConfigurator - Adding resource folder /spring-security-browser/src/test/resources
2019-05-03 10:05:18,099 [Worker-17: Building workspace] WARN  o.e.m.c.i.embedder.EclipseLogger - Using platform encoding (Cp1252 actually) to copy filtered resources, i.e. build is platform dependent!
2019-05-03 10:05:18,101 [Worker-17: Building workspace] INFO  o.e.m.c.i.embedder.EclipseLogger - Copying 0 resource
2019-05-03 10:05:18,102 [Worker-17: Building workspace] WARN  o.e.m.c.i.embedder.EclipseLogger - Using platform encoding (Cp1252 actually) to copy filtered resources, i.e. build is platform dependent!
2019-05-03 10:05:18,103 [Worker-17: Building workspace] INFO  o.e.m.c.i.embedder.EclipseLogger - Copying 0 resource
2019-05-03 10:05:57,390 [Worker-18: Creating project "spring-security-app"] INFO  o.e.m.c.i.l.LifecycleMappingFactory - Using org.eclipse.m2e.jdt.JarLifecycleMapping lifecycle mapping for MavenProject: org.thecodeschool.security:spring-security-app:1.0.0-SNAPSHOT @ D:\projects\spring-security\spring-security-app\pom.xml.
2019-05-03 10:05:57,497 [Worker-18: Creating project "spring-security-app"] INFO  o.e.m.j.i.AbstractJavaProjectConfigurator - Adding source folder /spring-security-app/src/main/java
2019-05-03 10:05:57,498 [Worker-18: Creating project "spring-security-app"] INFO  o.e.m.j.i.AbstractJavaProjectConfigurator - Adding resource folder /spring-security-app/src/main/resources
2019-05-03 10:05:57,498 [Worker-18: Creating project "spring-security-app"] INFO  o.e.m.j.i.AbstractJavaProjectConfigurator - Adding source folder /spring-security-app/src/test/java
2019-05-03 10:05:57,498 [Worker-18: Creating project "spring-security-app"] INFO  o.e.m.j.i.AbstractJavaProjectConfigurator - Adding resource folder /spring-security-app/src/test/resources
2019-05-03 10:05:57,891 [Worker-2: Building workspace] WARN  o.e.m.c.i.embedder.EclipseLogger - Using platform encoding (Cp1252 actually) to copy filtered resources, i.e. build is platform dependent!
2019-05-03 10:05:57,893 [Worker-2: Building workspace] INFO  o.e.m.c.i.embedder.EclipseLogger - Copying 0 resource
2019-05-03 10:05:57,895 [Worker-2: Building workspace] WARN  o.e.m.c.i.embedder.EclipseLogger - Using platform encoding (Cp1252 actually) to copy filtered resources, i.e. build is platform dependent!
2019-05-03 10:05:57,896 [Worker-2: Building workspace] INFO  o.e.m.c.i.embedder.EclipseLogger - Copying 0 resource
2019-05-03 10:09:50,344 [Worker-2: Creating project "spring-security-demo"] INFO  o.e.m.c.i.l.LifecycleMappingFactory - Using org.eclipse.m2e.jdt.JarLifecycleMapping lifecycle mapping for MavenProject: org.thecodeschool.security:spring-security-demo:1.0.0-SNAPSHOT @ D:\projects\spring-security\spring-security-demo\pom.xml.
2019-05-03 10:09:50,454 [Worker-2: Creating project "spring-security-demo"] INFO  o.e.m.j.i.AbstractJavaProjectConfigurator - Adding source folder /spring-security-demo/src/main/java
2019-05-03 10:09:50,454 [Worker-2: Creating project "spring-security-demo"] INFO  o.e.m.j.i.AbstractJavaProjectConfigurator - Adding resource folder /spring-security-demo/src/main/resources
2019-05-03 10:09:50,455 [Worker-2: Creating project "spring-security-demo"] INFO  o.e.m.j.i.AbstractJavaProjectConfigurator - Adding source folder /spring-security-demo/src/test/java
2019-05-03 10:09:50,455 [Worker-2: Creating project "spring-security-demo"] INFO  o.e.m.j.i.AbstractJavaProjectConfigurator - Adding resource folder /spring-security-demo/src/test/resources
2019-05-03 10:09:50,839 [Worker-19: Building workspace] WARN  o.e.m.c.i.embedder.EclipseLogger - Using platform encoding (Cp1252 actually) to copy filtered resources, i.e. build is platform dependent!
2019-05-03 10:09:50,841 [Worker-19: Building workspace] INFO  o.e.m.c.i.embedder.EclipseLogger - Copying 0 resource
2019-05-03 10:09:50,842 [Worker-19: Building workspace] WARN  o.e.m.c.i.embedder.EclipseLogger - Using platform encoding (Cp1252 actually) to copy filtered resources, i.e. build is platform dependent!
2019-05-03 10:09:50,844 [Worker-19: Building workspace] INFO  o.e.m.c.i.embedder.EclipseLogger - Copying 0 resource
2019-05-03 10:14:06,927 [Worker-2: Building workspace] INFO  o.e.m.c.i.l.LifecycleMappingFactory - Using NULL lifecycle mapping for MavenProject: org.thecodeschool.security:spring-security:1.0.0-SNAPSHOT @ D:\projects\spring-security\spring-security\pom.xml.
2019-05-03 10:14:15,912 [Worker-21: Updating Maven Project] INFO  o.e.m.c.i.p.ProjectConfigurationManager - Update started
2019-05-03 10:14:15,928 [Worker-21: Updating Maven Project] INFO  o.e.m.c.i.l.LifecycleMappingFactory - Using NULL lifecycle mapping for MavenProject: org.thecodeschool.security:spring-security:1.0.0-SNAPSHOT @ D:\projects\spring-security\spring-security\pom.xml.
2019-05-03 10:14:15,981 [Worker-21: Updating Maven Project] INFO  o.e.m.c.i.p.ProjectConfigurationManager - Update completed: 0 sec
2019-05-03 10:14:52,371 [Worker-2: Building workspace] INFO  o.e.m.c.i.e.AbstractTransferListenerAdapter - Downloaded https://repo.maven.apache.org/maven2/io/spring/platform/platform-bom/Brussels-SR4/platform-bom-Brussels-SR4.pom
2019-05-03 10:14:52,406 [Worker-2: Building workspace] INFO  o.e.m.c.i.l.LifecycleMappingFactory - Using NULL lifecycle mapping for MavenProject: org.thecodeschool.security:spring-security:1.0.0-SNAPSHOT @ D:\projects\spring-security\spring-security\pom.xml.
2019-05-03 10:15:37,065 [Worker-1: Loading available Gradle versions] INFO  o.e.b.c.i.u.g.PublishedGradleVersions - Gradle version information cache is up-to-date. Trying to read.
2019-05-03 10:16:03,452 [Worker-2: Updating Maven Project] INFO  o.e.m.c.i.p.ProjectConfigurationManager - Update started
2019-05-03 10:16:03,657 [Worker-2: Updating Maven Project] INFO  o.e.m.c.i.e.AbstractTransferListenerAdapter - Downloaded https://repo.maven.apache.org/maven2/io/spring/platform/platform-bom/Brussels-SR4/platform-bom-Brussels-SR4.pom
2019-05-03 10:16:03,702 [Worker-2: Updating Maven Project] INFO  o.e.m.c.i.l.LifecycleMappingFactory - Using NULL lifecycle mapping for MavenProject: org.thecodeschool.security:spring-security:1.0.0-SNAPSHOT @ D:\projects\spring-security\spring-security\pom.xml.
2019-05-03 10:16:03,862 [Worker-2: Updating Maven Project] INFO  o.e.m.c.i.p.ProjectConfigurationManager - Update completed: 0 sec
